<?xml version="1.0" encoding="UTF-8"?>
<testsuite name="MessageTest" tests="2" skipped="0" failures="0" errors="0" timestamp="2019-11-27T21:17:43" hostname="Hantaos-MacBook-Pro.local" time="0.002">
  <properties/>
  <testcase name="testGetIdentifier" classname="MessageTest" time="0.0"/>
  <testcase name="testEquals" classname="MessageTest" time="0.001"/>
  <system-out><![CDATA[]]></system-out>
  <system-err><![CDATA[]]></system-err>
</testsuite>
