<?xml version="1.0" encoding="UTF-8"?>
<testsuite name="BroadcastMessageTest" tests="5" skipped="0" failures="0" errors="0" timestamp="2019-11-27T21:17:43" hostname="Hantaos-MacBook-Pro.local" time="0.006">
  <properties/>
  <testcase name="testToString" classname="BroadcastMessageTest" time="0.005"/>
  <testcase name="testHashCode" classname="BroadcastMessageTest" time="0.0"/>
  <testcase name="testGetMessage" classname="BroadcastMessageTest" time="0.0"/>
  <testcase name="testEquals" classname="BroadcastMessageTest" time="0.0"/>
  <testcase name="testGetMsgSize" classname="BroadcastMessageTest" time="0.0"/>
  <system-out><![CDATA[]]></system-out>
  <system-err><![CDATA[]]></system-err>
</testsuite>
