<?xml version="1.0" encoding="UTF-8"?>
<testsuite name="QueryUsersMessageTest" tests="1" skipped="0" failures="0" errors="0" timestamp="2019-11-27T21:17:43" hostname="Hantaos-MacBook-Pro.local" time="0.0">
  <properties/>
  <testcase name="testToString" classname="QueryUsersMessageTest" time="0.0"/>
  <system-out><![CDATA[]]></system-out>
  <system-err><![CDATA[]]></system-err>
</testsuite>
