<?xml version="1.0" encoding="UTF-8"?>
<testsuite name="RequestTest" tests="5" skipped="0" failures="0" errors="0" timestamp="2019-11-27T21:17:43" hostname="Hantaos-MacBook-Pro.local" time="0.001">
  <properties/>
  <testcase name="testGetUsernameSize" classname="RequestTest" time="0.001"/>
  <testcase name="testToString" classname="RequestTest" time="0.0"/>
  <testcase name="testHashCode" classname="RequestTest" time="0.0"/>
  <testcase name="testGetUsername" classname="RequestTest" time="0.0"/>
  <testcase name="testEquals" classname="RequestTest" time="0.0"/>
  <system-out><![CDATA[]]></system-out>
  <system-err><![CDATA[]]></system-err>
</testsuite>
